<?xml version="1.0" encoding="UTF-8"?>
<coverage generated="1728878398057" clover="3.2.0">
  <project timestamp="1728878398057" name="All files">
    <metrics statements="21" coveredstatements="20" conditionals="8" coveredconditionals="8" methods="10" coveredmethods="9" elements="39" coveredelements="37" complexity="0" loc="21" ncloc="21" packages="1" files="1" classes="1"/>
    <file name="shapes.js" path="C:\Users\Owner\bootcamp\homework\challenge_10_create_logo\shapes.js">
      <metrics statements="21" coveredstatements="20" conditionals="8" coveredconditionals="8" methods="10" coveredmethods="9"/>
      <line num="3" count="19" type="stmt"/>
      <line num="4" count="19" type="stmt"/>
      <line num="5" count="19" type="cond" truecount="2" falsecount="0"/>
      <line num="6" count="1" type="stmt"/>
      <line num="11" count="0" type="stmt"/>
      <line num="15" count="1" type="stmt"/>
      <line num="21" count="7" type="stmt"/>
      <line num="25" count="3" type="stmt"/>
      <line num="31" count="6" type="stmt"/>
      <line num="35" count="3" type="stmt"/>
      <line num="41" count="5" type="stmt"/>
      <line num="45" count="3" type="stmt"/>
      <line num="50" count="12" type="cond" truecount="2" falsecount="0"/>
      <line num="51" count="2" type="stmt"/>
      <line num="54" count="10" type="cond" truecount="4" falsecount="0"/>
      <line num="56" count="3" type="stmt"/>
      <line num="58" count="3" type="stmt"/>
      <line num="60" count="2" type="stmt"/>
      <line num="62" count="2" type="stmt"/>
      <line num="66" count="1" type="stmt"/>
      <line num="68" count="1" type="stmt"/>
    </file>
  </project>
</coverage>
