{"C:\\Users\\Owner\\bootcamp\\homework\\challenge_10_create_logo\\shapes.js": {"path":"C:\\Users\\Owner\\bootcamp\\homework\\challenge_10_create_logo\\shapes.js","statementMap":{"0":{"start":{"line":3,"column":4},"end":{"line":3,"column":23}},"1":{"start":{"line":4,"column":4},"end":{"line":4,"column":21}},"2":{"start":{"line":5,"column":4},"end":{"line":7,"column":5}},"3":{"start":{"line":6,"column":6},"end":{"line":6,"column":65}},"4":{"start":{"line":11,"column":4},"end":{"line":11,"column":23}},"5":{"start":{"line":15,"column":4},"end":{"line":15,"column":76}},"6":{"start":{"line":21,"column":4},"end":{"line":21,"column":23}},"7":{"start":{"line":25,"column":4},"end":{"line":25,"column":70}},"8":{"start":{"line":31,"column":4},"end":{"line":31,"column":23}},"9":{"start":{"line":35,"column":4},"end":{"line":35,"column":82}},"10":{"start":{"line":41,"column":4},"end":{"line":41,"column":23}},"11":{"start":{"line":45,"column":4},"end":{"line":45,"column":77}},"12":{"start":{"line":50,"column":2},"end":{"line":52,"column":3}},"13":{"start":{"line":51,"column":4},"end":{"line":51,"column":57}},"14":{"start":{"line":54,"column":2},"end":{"line":63,"column":3}},"15":{"start":{"line":56,"column":6},"end":{"line":56,"column":37}},"16":{"start":{"line":58,"column":6},"end":{"line":58,"column":37}},"17":{"start":{"line":60,"column":6},"end":{"line":60,"column":39}},"18":{"start":{"line":62,"column":6},"end":{"line":62,"column":83}},"19":{"start":{"line":66,"column":0},"end":{"line":66,"column":66}},"20":{"start":{"line":68,"column":0},"end":{"line":68,"column":66}}},"fnMap":{"0":{"name":"(anonymous_0)","decl":{"start":{"line":2,"column":2},"end":{"line":2,"column":3}},"loc":{"start":{"line":2,"column":27},"end":{"line":8,"column":3}},"line":2},"1":{"name":"(anonymous_1)","decl":{"start":{"line":10,"column":2},"end":{"line":10,"column":3}},"loc":{"start":{"line":10,"column":18},"end":{"line":12,"column":3}},"line":10},"2":{"name":"(anonymous_2)","decl":{"start":{"line":14,"column":2},"end":{"line":14,"column":3}},"loc":{"start":{"line":14,"column":11},"end":{"line":16,"column":3}},"line":14},"3":{"name":"(anonymous_3)","decl":{"start":{"line":20,"column":2},"end":{"line":20,"column":3}},"loc":{"start":{"line":20,"column":27},"end":{"line":22,"column":3}},"line":20},"4":{"name":"(anonymous_4)","decl":{"start":{"line":24,"column":2},"end":{"line":24,"column":3}},"loc":{"start":{"line":24,"column":11},"end":{"line":26,"column":3}},"line":24},"5":{"name":"(anonymous_5)","decl":{"start":{"line":30,"column":2},"end":{"line":30,"column":3}},"loc":{"start":{"line":30,"column":27},"end":{"line":32,"column":3}},"line":30},"6":{"name":"(anonymous_6)","decl":{"start":{"line":34,"column":2},"end":{"line":34,"column":3}},"loc":{"start":{"line":34,"column":11},"end":{"line":36,"column":3}},"line":34},"7":{"name":"(anonymous_7)","decl":{"start":{"line":40,"column":2},"end":{"line":40,"column":3}},"loc":{"start":{"line":40,"column":27},"end":{"line":42,"column":3}},"line":40},"8":{"name":"(anonymous_8)","decl":{"start":{"line":44,"column":2},"end":{"line":44,"column":3}},"loc":{"start":{"line":44,"column":11},"end":{"line":46,"column":3}},"line":44},"9":{"name":"createShape","decl":{"start":{"line":49,"column":9},"end":{"line":49,"column":20}},"loc":{"start":{"line":49,"column":45},"end":{"line":64,"column":1}},"line":49}},"branchMap":{"0":{"loc":{"start":{"line":5,"column":4},"end":{"line":7,"column":5}},"type":"if","locations":[{"start":{"line":5,"column":4},"end":{"line":7,"column":5}},{"start":{},"end":{}}],"line":5},"1":{"loc":{"start":{"line":50,"column":2},"end":{"line":52,"column":3}},"type":"if","locations":[{"start":{"line":50,"column":2},"end":{"line":52,"column":3}},{"start":{},"end":{}}],"line":50},"2":{"loc":{"start":{"line":54,"column":2},"end":{"line":63,"column":3}},"type":"switch","locations":[{"start":{"line":55,"column":4},"end":{"line":56,"column":37}},{"start":{"line":57,"column":4},"end":{"line":58,"column":37}},{"start":{"line":59,"column":4},"end":{"line":60,"column":39}},{"start":{"line":61,"column":4},"end":{"line":62,"column":83}}],"line":54}},"s":{"0":19,"1":19,"2":19,"3":1,"4":0,"5":1,"6":7,"7":3,"8":6,"9":3,"10":5,"11":3,"12":12,"13":2,"14":10,"15":3,"16":3,"17":2,"18":2,"19":1,"20":1},"f":{"0":19,"1":0,"2":1,"3":7,"4":3,"5":6,"6":3,"7":5,"8":3,"9":12},"b":{"0":[1,18],"1":[2,10],"2":[3,3,2,2]},"_coverageSchema":"1a1c01bbd47fc00a2c39e90264f33305004495a9","hash":"fdf5fbec7c33a2129a9d870e0fc6f18f663e6ac3"}
}
