TN:
SF:shapes.js
FN:2,(anonymous_0)
FN:10,(anonymous_1)
FN:14,(anonymous_2)
FN:20,(anonymous_3)
FN:24,(anonymous_4)
FN:30,(anonymous_5)
FN:34,(anonymous_6)
FN:40,(anonymous_7)
FN:44,(anonymous_8)
FN:49,createShape
FNF:10
FNH:9
FNDA:19,(anonymous_0)
FNDA:0,(anonymous_1)
FNDA:1,(anonymous_2)
FNDA:7,(anonymous_3)
FNDA:3,(anonymous_4)
FNDA:6,(anonymous_5)
FNDA:3,(anonymous_6)
FNDA:5,(anonymous_7)
FNDA:3,(anonymous_8)
FNDA:12,createShape
DA:3,19
DA:4,19
DA:5,19
DA:6,1
DA:11,0
DA:15,1
DA:21,7
DA:25,3
DA:31,6
DA:35,3
DA:41,5
DA:45,3
DA:50,12
DA:51,2
DA:54,10
DA:56,3
DA:58,3
DA:60,2
DA:62,2
DA:66,1
DA:68,1
LF:21
LH:20
BRDA:5,0,0,1
BRDA:5,0,1,18
BRDA:50,1,0,2
BRDA:50,1,1,10
BRDA:54,2,0,3
BRDA:54,2,1,3
BRDA:54,2,2,2
BRDA:54,2,3,2
BRF:8
BRH:8
end_of_record
